<?xml version="1.0" encoding="UTF-8"?>
<testng-results ignored="0" total="1" passed="1" failed="0" skipped="0">
  <reporter-output>
  </reporter-output>
  <suite started-at="2023-05-15T09:48:12Z" name="Suite" finished-at="2023-05-15T09:48:18Z" duration-ms="6270">
    <groups>
    </groups>
    <test started-at="2023-05-15T09:48:12Z" name="Test" finished-at="2023-05-15T09:48:18Z" duration-ms="6270">
      <class name="testlgtt.testing_testing">
        <test-method signature="tc01()[pri:0, instance:testlgtt.testing_testing@37e4d7bb]" started-at="2023-05-15T15:18:12Z" name="tc01" finished-at="2023-05-15T15:18:18Z" duration-ms="6254" status="PASS">
          <reporter-output>
          </reporter-output>
        </test-method> <!-- tc01 -->
      </class> <!-- testlgtt.testing_testing -->
    </test> <!-- Test -->
  </suite> <!-- Suite -->
</testng-results>
